<?xml version="1.0" encoding="UTF-8"?>
<!-- Generated by org.testng.reporters.JUnitReportReporter -->
<testsuite hostname="sgtpeppers" name="TesteDeLoadingCache" tests="1" failures="0" timestamp="9 Oct 2012 02:58:22 GMT" time="4.163" errors="0">
  <testcase name="Testa_a_busca_do_Loading_cache" time="4.163" classname="TesteDeLoadingCache"/>
</testsuite> <!-- TesteDeLoadingCache -->
